#
# There is insufficient memory for the Java Runtime Environment to continue.
# Native memory allocation (malloc) failed to allocate 1048576 bytes for AllocateHeap
# Possible reasons:
#   The system is out of physical RAM or swap space
#   The process is running with CompressedOops enabled, and the Java Heap may be blocking the growth of the native heap
# Possible solutions:
#   Reduce memory load on the system
#   Increase physical memory or swap space
#   Check if swap backing store is full
#   Decrease Java heap size (-Xmx/-Xms)
#   Decrease number of Java threads
#   Decrease Java thread stack sizes (-Xss)
#   Set larger code cache with -XX:ReservedCodeCacheSize=
#   JVM is running with Unscaled Compressed Oops mode in which the Java heap is
#     placed in the first 4GB address space. The Java Heap base address is the
#     maximum limit for the native heap growth. Please use -XX:HeapBaseMinAddress
#     to set the Java Heap base and to place the Java Heap above 4GB virtual address.
# This output file may be truncated or incomplete.
#
#  Out of Memory Error (t:/workspace/open/src/hotspot/share/memory/allocation.cpp:46), pid=6948, tid=7120
#
# JRE version: OpenJDK Runtime Environment (11.0+28) (build 11+28)
# Java VM: OpenJDK 64-Bit Server VM (11+28, mixed mode, tiered, compressed oops, g1 gc, windows-amd64)
# No core dump will be written. Minidumps are not enabled by default on client versions of Windows
#

---------------  S U M M A R Y ------------

Command Line: utp.misiontic2022.c2.reto4.App

Host: Intel(R) Core(TM) i7-3537U CPU @ 2.00GHz, 4 cores, 7G,  Windows 10 , 64 bit Build 19041 (10.0.19041.1023)
Time: Sat Aug 14 15:11:52 2021 Hora est. Pacífico, Sudamérica elapsed time: 0 seconds (0d 0h 0m 0s)

---------------  T H R E A D  ---------------

Current thread (0x000001c758a98000):  VMThread "VM Thread" [stack: 0x0000003a7b100000,0x0000003a7b200000] [id=7120]

Stack: [0x0000003a7b100000,0x0000003a7b200000]
[error occurred during error reporting (printing stack bounds), id 0xc0000005, EXCEPTION_ACCESS_VIOLATION (0xc0000005) at pc=0x000001c742320bad]

Native frames: (J=compiled Java code, j=interpreted, Vv=VM code, C=native code)
V  [jvm.dll+0x63adaa]
V  [jvm.dll+0x77852f]
V  [jvm.dll+0x779b18]
V  [jvm.dll+0x77a135]
V  [jvm.dll+0x77a0eb]
V  [jvm.dll+0x63a4a6]
V  [jvm.dll+0x63a878]
C  [ntdll.dll+0xa217f]
C  [ntdll.dll+0x51454]
C  [ntdll.dll+0xa0cae]
C  0x000001c742320bad

VM_Operation (0x0000003a7abf9470): CollectForMetadataAllocation, mode: safepoint, requested by thread 0x000001c739fb3000


---------------  P R O C E S S  ---------------

Threads class SMR info:
_java_thread_list=0x000001c759598a30, length=10, elements={
0x000001c739fb3000, 0x000001c758abf000, 0x000001c758ac1800, 0x000001c758adf800,
0x000001c758ae0800, 0x000001c758ae3800, 0x000001c758ae9000, 0x000001c758af2800,
0x000001c7595a2800, 0x000001c7595ab000
}

Java Threads: ( => current thread )
  0x000001c739fb3000 JavaThread "main" [_thread_blocked, id=8344, stack(0x0000003a7ab00000,0x0000003a7ac00000)]
  0x000001c758abf000 JavaThread "Reference Handler" daemon [_thread_blocked, id=5824, stack(0x0000003a7b200000,0x0000003a7b300000)]
  0x000001c758ac1800 JavaThread "Finalizer" daemon [_thread_blocked, id=8940, stack(0x0000003a7b300000,0x0000003a7b400000)]
  0x000001c758adf800 JavaThread "Signal Dispatcher" daemon [_thread_blocked, id=9800, stack(0x0000003a7b400000,0x0000003a7b500000)]
  0x000001c758ae0800 JavaThread "Attach Listener" daemon [_thread_blocked, id=6160, stack(0x0000003a7b500000,0x0000003a7b600000)]
  0x000001c758ae3800 JavaThread "C2 CompilerThread0" daemon [_thread_blocked, id=3044, stack(0x0000003a7b600000,0x0000003a7b700000)]
  0x000001c758ae9000 JavaThread "C1 CompilerThread0" daemon [_thread_blocked, id=6176, stack(0x0000003a7b700000,0x0000003a7b800000)]
  0x000001c758af2800 JavaThread "Sweeper thread" daemon [_thread_blocked, id=3924, stack(0x0000003a7b800000,0x0000003a7b900000)]
  0x000001c7595a2800 JavaThread "Service Thread" daemon [_thread_blocked, id=3336, stack(0x0000003a7b900000,0x0000003a7ba00000)]
  0x000001c7595ab000 JavaThread "Common-Cleaner" daemon [_thread_blocked, id=6900, stack(0x0000003a7bb00000,0x0000003a7bc00000)]

Other Threads:
=>0x000001c758a98000 VMThread "VM Thread" [stack: 0x0000003a7b100000,0x0000003a7b200000] [id=7120]
  0x000001c7595a5800 WatcherThread [stack: 0x0000003a7ba00000,0x0000003a7bb00000] [id=4216]
  0x000001c739fcc000 GCTaskThread "GC Thread#0" [stack: 0x0000003a7ac00000,0x0000003a7ad00000] [id=2008]
  0x000001c7595cc000 GCTaskThread "GC Thread#1" [stack: 0x0000003a7bc00000,0x0000003a7bd00000] [id=9592]
  0x000001c7595cd000 GCTaskThread "GC Thread#2" [stack: 0x0000003a7bd00000,0x0000003a7be00000] [id=7148]
  0x000001c739ffe800 ConcurrentGCThread "G1 Main Marker" [stack: 0x0000003a7ad00000,0x0000003a7ae00000] [id=10204]
  0x000001c73a002800 ConcurrentGCThread "G1 Conc#0" [stack: 0x0000003a7ae00000,0x0000003a7af00000] [id=8668]
  0x000001c73a090800 ConcurrentGCThread "G1 Refine#0" [stack: 0x0000003a7af00000,0x0000003a7b000000] [id=6988]
  0x000001c73a091800 ConcurrentGCThread "G1 Young RemSet Sampling" [stack: 0x0000003a7b000000,0x0000003a7b100000] [id=2672]

Threads with active compile tasks:

VM state:at safepoint (normal execution)

VM Mutex/Monitor currently owned by a thread:  ([mutex/lock_event])
[0x000001c739fafdf0] Threads_lock - owner thread: 0x000001c758a98000
[0x000001c739faebf0] Heap_lock - owner thread: 0x000001c739fb3000

Heap address: 0x0000000081800000, size: 2024 MB, Compressed Oops mode: 32-bit
Narrow klass base: 0x0000000000000000, Narrow klass shift: 3
Compressed class space size: 1073741824 Address: 0x0000000100000000

Heap:
 garbage-first heap   total 131072K, used 633K [0x0000000081800000, 0x0000000100000000)
  region size 1024K, 1 young (1024K), 1 survivors (1024K)
 Metaspace       used 5530K, capacity 5640K, committed 5760K, reserved 1071104K
  class space    used 504K, capacity 556K, committed 640K, reserved 1048576K
Heap Regions: E=young(eden), S=young(survivor), O=old, HS=humongous(starts), HC=humongous(continues), CS=collection set, F=free, A=archive, TAMS=top-at-mark-start (previous, next)
|   0|0x0000000081800000, 0x0000000081800000, 0x0000000081900000|  0%| F|  |TAMS 0x0000000081800000, 0x0000000081800000| Untracked 
|   1|0x0000000081900000, 0x0000000081900000, 0x0000000081a00000|  0%| F|  |TAMS 0x0000000081900000, 0x0000000081900000| Untracked 
|   2|0x0000000081a00000, 0x0000000081a00000, 0x0000000081b00000|  0%| F|  |TAMS 0x0000000081a00000, 0x0000000081a00000| Untracked 
|   3|0x0000000081b00000, 0x0000000081b00000, 0x0000000081c00000|  0%| F|  |TAMS 0x0000000081b00000, 0x0000000081b00000| Untracked 
|   4|0x0000000081c00000, 0x0000000081c00000, 0x0000000081d00000|  0%| F|  |TAMS 0x0000000081c00000, 0x0000000081c00000| Untracked 
|   5|0x0000000081d00000, 0x0000000081d00000, 0x0000000081e00000|  0%| F|  |TAMS 0x0000000081d00000, 0x0000000081d00000| Untracked 
|   6|0x0000000081e00000, 0x0000000081e00000, 0x0000000081f00000|  0%| F|  |TAMS 0x0000000081e00000, 0x0000000081e00000| Untracked 
|   7|0x0000000081f00000, 0x0000000081f00000, 0x0000000082000000|  0%| F|  |TAMS 0x0000000081f00000, 0x0000000081f00000| Untracked 
|   8|0x0000000082000000, 0x0000000082000000, 0x0000000082100000|  0%| F|  |TAMS 0x0000000082000000, 0x0000000082000000| Untracked 
|   9|0x0000000082100000, 0x0000000082100000, 0x0000000082200000|  0%| F|  |TAMS 0x0000000082100000, 0x0000000082100000| Untracked 
|  10|0x0000000082200000, 0x0000000082200000, 0x0000000082300000|  0%| F|  |TAMS 0x0000000082200000, 0x0000000082200000| Untracked 
|  11|0x0000000082300000, 0x0000000082300000, 0x0000000082400000|  0%| F|  |TAMS 0x0000000082300000, 0x0000000082300000| Untracked 
|  12|0x0000000082400000, 0x0000000082400000, 0x0000000082500000|  0%| F|  |TAMS 0x0000000082400000, 0x0000000082400000| Untracked 
|  13|0x0000000082500000, 0x0000000082500000, 0x0000000082600000|  0%| F|  |TAMS 0x0000000082500000, 0x0000000082500000| Untracked 
|  14|0x0000000082600000, 0x0000000082600000, 0x0000000082700000|  0%| F|  |TAMS 0x0000000082600000, 0x0000000082600000| Untracked 
|  15|0x0000000082700000, 0x0000000082700000, 0x0000000082800000|  0%| F|  |TAMS 0x0000000082700000, 0x0000000082700000| Untracked 
|  16|0x0000000082800000, 0x0000000082800000, 0x0000000082900000|  0%| F|  |TAMS 0x0000000082800000, 0x0000000082800000| Untracked 
|  17|0x0000000082900000, 0x0000000082900000, 0x0000000082a00000|  0%| F|  |TAMS 0x0000000082900000, 0x0000000082900000| Untracked 
|  18|0x0000000082a00000, 0x0000000082a00000, 0x0000000082b00000|  0%| F|  |TAMS 0x0000000082a00000, 0x0000000082a00000| Untracked 
|  19|0x0000000082b00000, 0x0000000082b00000, 0x0000000082c00000|  0%| F|  |TAMS 0x0000000082b00000, 0x0000000082b00000| Untracked 
|  20|0x0000000082c00000, 0x0000000082c00000, 0x0000000082d00000|  0%| F|  |TAMS 0x0000000082c00000, 0x0000000082c00000| Untracked 
|  21|0x0000000082d00000, 0x0000000082d00000, 0x0000000082e00000|  0%| F|  |TAMS 0x0000000082d00000, 0x0000000082d00000| Untracked 
|  22|0x0000000082e00000, 0x0000000082e00000, 0x0000000082f00000|  0%| F|  |TAMS 0x0000000082e00000, 0x0000000082e00000| Untracked 
|  23|0x0000000082f00000, 0x0000000082f00000, 0x0000000083000000|  0%| F|  |TAMS 0x0000000082f00000, 0x0000000082f00000| Untracked 
|  24|0x0000000083000000, 0x0000000083000000, 0x0000000083100000|  0%| F|  |TAMS 0x0000000083000000, 0x0000000083000000| Untracked 
|  25|0x0000000083100000, 0x0000000083100000, 0x0000000083200000|  0%| F|  |TAMS 0x0000000083100000, 0x0000000083100000| Untracked 
|  26|0x0000000083200000, 0x0000000083200000, 0x0000000083300000|  0%| F|  |TAMS 0x0000000083200000, 0x0000000083200000| Untracked 
|  27|0x0000000083300000, 0x0000000083300000, 0x0000000083400000|  0%| F|  |TAMS 0x0000000083300000, 0x0000000083300000| Untracked 
|  28|0x0000000083400000, 0x0000000083400000, 0x0000000083500000|  0%| F|  |TAMS 0x0000000083400000, 0x0000000083400000| Untracked 
|  29|0x0000000083500000, 0x0000000083500000, 0x0000000083600000|  0%| F|  |TAMS 0x0000000083500000, 0x0000000083500000| Untracked 
|  30|0x0000000083600000, 0x0000000083600000, 0x0000000083700000|  0%| F|  |TAMS 0x0000000083600000, 0x0000000083600000| Untracked 
|  31|0x0000000083700000, 0x0000000083700000, 0x0000000083800000|  0%| F|  |TAMS 0x0000000083700000, 0x0000000083700000| Untracked 
|  32|0x0000000083800000, 0x0000000083800000, 0x0000000083900000|  0%| F|  |TAMS 0x0000000083800000, 0x0000000083800000| Untracked 
|  33|0x0000000083900000, 0x0000000083900000, 0x0000000083a00000|  0%| F|  |TAMS 0x0000000083900000, 0x0000000083900000| Untracked 
|  34|0x0000000083a00000, 0x0000000083a00000, 0x0000000083b00000|  0%| F|  |TAMS 0x0000000083a00000, 0x0000000083a00000| Untracked 
|  35|0x0000000083b00000, 0x0000000083b00000, 0x0000000083c00000|  0%| F|  |TAMS 0x0000000083b00000, 0x0000000083b00000| Untracked 
|  36|0x0000000083c00000, 0x0000000083c00000, 0x0000000083d00000|  0%| F|  |TAMS 0x0000000083c00000, 0x0000000083c00000| Untracked 
|  37|0x0000000083d00000, 0x0000000083d00000, 0x0000000083e00000|  0%| F|  |TAMS 0x0000000083d00000, 0x0000000083d00000| Untracked 
|  38|0x0000000083e00000, 0x0000000083e00000, 0x0000000083f00000|  0%| F|  |TAMS 0x0000000083e00000, 0x0000000083e00000| Untracked 
|  39|0x0000000083f00000, 0x0000000083f00000, 0x0000000084000000|  0%| F|  |TAMS 0x0000000083f00000, 0x0000000083f00000| Untracked 
|  40|0x0000000084000000, 0x0000000084000000, 0x0000000084100000|  0%| F|  |TAMS 0x0000000084000000, 0x0000000084000000| Untracked 
|  41|0x0000000084100000, 0x0000000084100000, 0x0000000084200000|  0%| F|  |TAMS 0x0000000084100000, 0x0000000084100000| Untracked 
|  42|0x0000000084200000, 0x0000000084200000, 0x0000000084300000|  0%| F|  |TAMS 0x0000000084200000, 0x0000000084200000| Untracked 
|  43|0x0000000084300000, 0x0000000084300000, 0x0000000084400000|  0%| F|  |TAMS 0x0000000084300000, 0x0000000084300000| Untracked 
|  44|0x0000000084400000, 0x0000000084400000, 0x0000000084500000|  0%| F|  |TAMS 0x0000000084400000, 0x0000000084400000| Untracked 
|  45|0x0000000084500000, 0x0000000084500000, 0x0000000084600000|  0%| F|  |TAMS 0x0000000084500000, 0x0000000084500000| Untracked 
|  46|0x0000000084600000, 0x0000000084600000, 0x0000000084700000|  0%| F|  |TAMS 0x0000000084600000, 0x0000000084600000| Untracked 
|  47|0x0000000084700000, 0x0000000084700000, 0x0000000084800000|  0%| F|  |TAMS 0x0000000084700000, 0x0000000084700000| Untracked 
|  48|0x0000000084800000, 0x0000000084800000, 0x0000000084900000|  0%| F|  |TAMS 0x0000000084800000, 0x0000000084800000| Untracked 
|  49|0x0000000084900000, 0x0000000084900000, 0x0000000084a00000|  0%| F|  |TAMS 0x0000000084900000, 0x0000000084900000| Untracked 
|  50|0x0000000084a00000, 0x0000000084a00000, 0x0000000084b00000|  0%| F|  |TAMS 0x0000000084a00000, 0x0000000084a00000| Untracked 
|  51|0x0000000084b00000, 0x0000000084b00000, 0x0000000084c00000|  0%| F|  |TAMS 0x0000000084b00000, 0x0000000084b00000| Untracked 
|  52|0x0000000084c00000, 0x0000000084c00000, 0x0000000084d00000|  0%| F|  |TAMS 0x0000000084c00000, 0x0000000084c00000| Untracked 
|  53|0x0000000084d00000, 0x0000000084d00000, 0x0000000084e00000|  0%| F|  |TAMS 0x0000000084d00000, 0x0000000084d00000| Untracked 
|  54|0x0000000084e00000, 0x0000000084e00000, 0x0000000084f00000|  0%| F|  |TAMS 0x0000000084e00000, 0x0000000084e00000| Untracked 
|  55|0x0000000084f00000, 0x0000000084f00000, 0x0000000085000000|  0%| F|  |TAMS 0x0000000084f00000, 0x0000000084f00000| Untracked 
|  56|0x0000000085000000, 0x0000000085000000, 0x0000000085100000|  0%| F|  |TAMS 0x0000000085000000, 0x0000000085000000| Untracked 
|  57|0x0000000085100000, 0x0000000085100000, 0x0000000085200000|  0%| F|  |TAMS 0x0000000085100000, 0x0000000085100000| Untracked 
|  58|0x0000000085200000, 0x0000000085200000, 0x0000000085300000|  0%| F|  |TAMS 0x0000000085200000, 0x0000000085200000| Untracked 
|  59|0x0000000085300000, 0x0000000085300000, 0x0000000085400000|  0%| F|  |TAMS 0x0000000085300000, 0x0000000085300000| Untracked 
|  60|0x0000000085400000, 0x0000000085400000, 0x0000000085500000|  0%| F|  |TAMS 0x0000000085400000, 0x0000000085400000| Untracked 
|  61|0x0000000085500000, 0x0000000085500000, 0x0000000085600000|  0%| F|  |TAMS 0x0000000085500000, 0x0000000085500000| Untracked 
|  62|0x0000000085600000, 0x0000000085600000, 0x0000000085700000|  0%| F|  |TAMS 0x0000000085600000, 0x0000000085600000| Untracked 
|  63|0x0000000085700000, 0x0000000085700000, 0x0000000085800000|  0%| F|  |TAMS 0x0000000085700000, 0x0000000085700000| Untracked 
|  64|0x0000000085800000, 0x0000000085800000, 0x0000000085900000|  0%| F|  |TAMS 0x0000000085800000, 0x0000000085800000| Untracked 
|  65|0x0000000085900000, 0x0000000085900000, 0x0000000085a00000|  0%| F|  |TAMS 0x0000000085900000, 0x0000000085900000| Untracked 
|  66|0x0000000085a00000, 0x0000000085a00000, 0x0000000085b00000|  0%| F|  |TAMS 0x0000000085a00000, 0x0000000085a00000| Untracked 
|  67|0x0000000085b00000, 0x0000000085b00000, 0x0000000085c00000|  0%| F|  |TAMS 0x0000000085b00000, 0x0000000085b00000| Untracked 
|  68|0x0000000085c00000, 0x0000000085c00000, 0x0000000085d00000|  0%| F|  |TAMS 0x0000000085c00000, 0x0000000085c00000| Untracked 
|  69|0x0000000085d00000, 0x0000000085d00000, 0x0000000085e00000|  0%| F|  |TAMS 0x0000000085d00000, 0x0000000085d00000| Untracked 
|  70|0x0000000085e00000, 0x0000000085e00000, 0x0000000085f00000|  0%| F|  |TAMS 0x0000000085e00000, 0x0000000085e00000| Untracked 
|  71|0x0000000085f00000, 0x0000000085f00000, 0x0000000086000000|  0%| F|  |TAMS 0x0000000085f00000, 0x0000000085f00000| Untracked 
|  72|0x0000000086000000, 0x0000000086000000, 0x0000000086100000|  0%| F|  |TAMS 0x0000000086000000, 0x0000000086000000| Untracked 
|  73|0x0000000086100000, 0x0000000086100000, 0x0000000086200000|  0%| F|  |TAMS 0x0000000086100000, 0x0000000086100000| Untracked 
|  74|0x0000000086200000, 0x0000000086200000, 0x0000000086300000|  0%| F|  |TAMS 0x0000000086200000, 0x0000000086200000| Untracked 
|  75|0x0000000086300000, 0x0000000086300000, 0x0000000086400000|  0%| F|  |TAMS 0x0000000086300000, 0x0000000086300000| Untracked 
|  76|0x0000000086400000, 0x0000000086400000, 0x0000000086500000|  0%| F|  |TAMS 0x0000000086400000, 0x0000000086400000| Untracked 
|  77|0x0000000086500000, 0x0000000086500000, 0x0000000086600000|  0%| F|  |TAMS 0x0000000086500000, 0x0000000086500000| Untracked 
|  78|0x0000000086600000, 0x0000000086600000, 0x0000000086700000|  0%| F|  |TAMS 0x0000000086600000, 0x0000000086600000| Untracked 
|  79|0x0000000086700000, 0x0000000086700000, 0x0000000086800000|  0%| F|  |TAMS 0x0000000086700000, 0x0000000086700000| Untracked 
|  80|0x0000000086800000, 0x0000000086800000, 0x0000000086900000|  0%| F|  |TAMS 0x0000000086800000, 0x0000000086800000| Untracked 
|  81|0x0000000086900000, 0x0000000086900000, 0x0000000086a00000|  0%| F|  |TAMS 0x0000000086900000, 0x0000000086900000| Untracked 
|  82|0x0000000086a00000, 0x0000000086a00000, 0x0000000086b00000|  0%| F|  |TAMS 0x0000000086a00000, 0x0000000086a00000| Untracked 
|  83|0x0000000086b00000, 0x0000000086b00000, 0x0000000086c00000|  0%| F|  |TAMS 0x0000000086b00000, 0x0000000086b00000| Untracked 
|  84|0x0000000086c00000, 0x0000000086c00000, 0x0000000086d00000|  0%| F|  |TAMS 0x0000000086c00000, 0x0000000086c00000| Untracked 
|  85|0x0000000086d00000, 0x0000000086d00000, 0x0000000086e00000|  0%| F|  |TAMS 0x0000000086d00000, 0x0000000086d00000| Untracked 
|  86|0x0000000086e00000, 0x0000000086e00000, 0x0000000086f00000|  0%| F|  |TAMS 0x0000000086e00000, 0x0000000086e00000| Untracked 
|  87|0x0000000086f00000, 0x0000000086f00000, 0x0000000087000000|  0%| F|  |TAMS 0x0000000086f00000, 0x0000000086f00000| Untracked 
|  88|0x0000000087000000, 0x0000000087000000, 0x0000000087100000|  0%| F|  |TAMS 0x0000000087000000, 0x0000000087000000| Untracked 
|  89|0x0000000087100000, 0x0000000087100000, 0x0000000087200000|  0%| F|  |TAMS 0x0000000087100000, 0x0000000087100000| Untracked 
|  90|0x0000000087200000, 0x0000000087200000, 0x0000000087300000|  0%| F|  |TAMS 0x0000000087200000, 0x0000000087200000| Untracked 
|  91|0x0000000087300000, 0x0000000087300000, 0x0000000087400000|  0%| F|  |TAMS 0x0000000087300000, 0x0000000087300000| Untracked 
|  92|0x0000000087400000, 0x0000000087400000, 0x0000000087500000|  0%| F|  |TAMS 0x0000000087400000, 0x0000000087400000| Untracked 
|  93|0x0000000087500000, 0x0000000087500000, 0x0000000087600000|  0%| F|  |TAMS 0x0000000087500000, 0x0000000087500000| Untracked 
|  94|0x0000000087600000, 0x0000000087600000, 0x0000000087700000|  0%| F|  |TAMS 0x0000000087600000, 0x0000000087600000| Untracked 
|  95|0x0000000087700000, 0x0000000087700000, 0x0000000087800000|  0%| F|  |TAMS 0x0000000087700000, 0x0000000087700000| Untracked 
|  96|0x0000000087800000, 0x0000000087800000, 0x0000000087900000|  0%| F|  |TAMS 0x0000000087800000, 0x0000000087800000| Untracked 
|  97|0x0000000087900000, 0x0000000087900000, 0x0000000087a00000|  0%| F|  |TAMS 0x0000000087900000, 0x0000000087900000| Untracked 
|  98|0x0000000087a00000, 0x0000000087a00000, 0x0000000087b00000|  0%| F|  |TAMS 0x0000000087a00000, 0x0000000087a00000| Untracked 
|  99|0x0000000087b00000, 0x0000000087b00000, 0x0000000087c00000|  0%| F|  |TAMS 0x0000000087b00000, 0x0000000087b00000| Untracked 
| 100|0x0000000087c00000, 0x0000000087c00000, 0x0000000087d00000|  0%| F|  |TAMS 0x0000000087c00000, 0x0000000087c00000| Untracked 
| 101|0x0000000087d00000, 0x0000000087d00000, 0x0000000087e00000|  0%| F|  |TAMS 0x0000000087d00000, 0x0000000087d00000| Untracked 
| 102|0x0000000087e00000, 0x0000000087e00000, 0x0000000087f00000|  0%| F|  |TAMS 0x0000000087e00000, 0x0000000087e00000| Untracked 
| 103|0x0000000087f00000, 0x0000000087f00000, 0x0000000088000000|  0%| F|  |TAMS 0x0000000087f00000, 0x0000000087f00000| Untracked 
| 104|0x0000000088000000, 0x0000000088000000, 0x0000000088100000|  0%| F|  |TAMS 0x0000000088000000, 0x0000000088000000| Untracked 
| 105|0x0000000088100000, 0x0000000088100000, 0x0000000088200000|  0%| F|  |TAMS 0x0000000088100000, 0x0000000088100000| Untracked 
| 106|0x0000000088200000, 0x0000000088200000, 0x0000000088300000|  0%| F|  |TAMS 0x0000000088200000, 0x0000000088200000| Untracked 
| 107|0x0000000088300000, 0x0000000088300000, 0x0000000088400000|  0%| F|  |TAMS 0x0000000088300000, 0x0000000088300000| Untracked 
| 108|0x0000000088400000, 0x0000000088400000, 0x0000000088500000|  0%| F|  |TAMS 0x0000000088400000, 0x0000000088400000| Untracked 
| 109|0x0000000088500000, 0x0000000088500000, 0x0000000088600000|  0%| F|  |TAMS 0x0000000088500000, 0x0000000088500000| Untracked 
| 110|0x0000000088600000, 0x0000000088600000, 0x0000000088700000|  0%| F|  |TAMS 0x0000000088600000, 0x0000000088600000| Untracked 
| 111|0x0000000088700000, 0x0000000088700000, 0x0000000088800000|  0%| F|  |TAMS 0x0000000088700000, 0x0000000088700000| Untracked 
| 112|0x0000000088800000, 0x0000000088800000, 0x0000000088900000|  0%| F|  |TAMS 0x0000000088800000, 0x0000000088800000| Untracked 
| 113|0x0000000088900000, 0x0000000088900000, 0x0000000088a00000|  0%| F|  |TAMS 0x0000000088900000, 0x0000000088900000| Untracked 
| 114|0x0000000088a00000, 0x0000000088a00000, 0x0000000088b00000|  0%| F|  |TAMS 0x0000000088a00000, 0x0000000088a00000| Untracked 
| 115|0x0000000088b00000, 0x0000000088b00000, 0x0000000088c00000|  0%| F|  |TAMS 0x0000000088b00000, 0x0000000088b00000| Untracked 
| 116|0x0000000088c00000, 0x0000000088c00000, 0x0000000088d00000|  0%| F|  |TAMS 0x0000000088c00000, 0x0000000088c00000| Untracked 
| 117|0x0000000088d00000, 0x0000000088d00000, 0x0000000088e00000|  0%| F|  |TAMS 0x0000000088d00000, 0x0000000088d00000| Untracked 
| 118|0x0000000088e00000, 0x0000000088e00000, 0x0000000088f00000|  0%| F|  |TAMS 0x0000000088e00000, 0x0000000088e00000| Untracked 
| 119|0x0000000088f00000, 0x0000000088f00000, 0x0000000089000000|  0%| F|  |TAMS 0x0000000088f00000, 0x0000000088f00000| Untracked 
| 120|0x0000000089000000, 0x0000000089000000, 0x0000000089100000|  0%| F|  |TAMS 0x0000000089000000, 0x0000000089000000| Untracked 
| 121|0x0000000089100000, 0x0000000089100000, 0x0000000089200000|  0%| F|  |TAMS 0x0000000089100000, 0x0000000089100000| Untracked 
| 122|0x0000000089200000, 0x0000000089200000, 0x0000000089300000|  0%| F|  |TAMS 0x0000000089200000, 0x0000000089200000| Untracked 
| 123|0x0000000089300000, 0x0000000089300000, 0x0000000089400000|  0%| F|  |TAMS 0x0000000089300000, 0x0000000089300000| Untracked 
| 124|0x0000000089400000, 0x0000000089400000, 0x0000000089500000|  0%| F|  |TAMS 0x0000000089400000, 0x0000000089400000| Untracked 
| 125|0x0000000089500000, 0x000000008959e600, 0x0000000089600000| 61%| S|CS|TAMS 0x0000000089500000, 0x0000000089500000| Complete 
| 126|0x0000000089600000, 0x0000000089600000, 0x0000000089700000|  0%| F|  |TAMS 0x0000000089600000, 0x0000000089600000| Untracked 
| 127|0x0000000089700000, 0x0000000089700000, 0x0000000089800000|  0%| F|  |TAMS 0x0000000089700000, 0x0000000089700000| Untracked 

Card table byte_map: [0x000001c751d40000,0x000001c752140000] _byte_map_base: 0x000001c751934000

Marking Bits (Prev, Next): (CMBitMap*) 0x000001c739ff5d28, (CMBitMap*) 0x000001c739ff5d60
 Prev Bits: [0x000001c752540000, 0x000001c7544e0000)
 Next Bits: [0x000001c7544e0000, 0x000001c756480000)

Polling page: 0x000001c7386e0000

Metaspace:

Usage:
  Non-class:      4.96 MB capacity,     4.91 MB ( 99%) used,    57.38 KB (  1%) free+waste,     1.44 KB ( <1%) overhead. 
      Class:    556.00 KB capacity,   504.84 KB ( 91%) used,    50.41 KB (  9%) free+waste,   768 bytes ( <1%) overhead. 
       Both:      5.51 MB capacity,     5.40 MB ( 98%) used,   107.79 KB (  2%) free+waste,     2.19 KB ( <1%) overhead. 

Virtual space:
  Non-class space:       22.00 MB reserved,       5.00 MB ( 23%) committed 
      Class space:        1.00 GB reserved,     640.00 KB ( <1%) committed 
             Both:        1.02 GB reserved,       5.63 MB ( <1%) committed 

Chunk freelists:
   Non-Class:  4.50 KB
       Class:  2.50 KB
        Both:  7.00 KB

CodeHeap 'non-profiled nmethods': size=120064Kb used=24Kb max_used=24Kb free=120039Kb
 bounds [0x000001c749de0000, 0x000001c74a050000, 0x000001c751320000]
CodeHeap 'profiled nmethods': size=120000Kb used=140Kb max_used=140Kb free=119859Kb
 bounds [0x000001c7428b0000, 0x000001c742b20000, 0x000001c749de0000]
CodeHeap 'non-nmethods': size=5696Kb used=1020Kb max_used=1020Kb free=4675Kb
 bounds [0x000001c742320000, 0x000001c742590000, 0x000001c7428b0000]
 total_blobs=444 nmethods=104 adapters=197
 compilation: enabled
              stopped_count=0, restarted_count=0
 full_count=0

Compilation events (10 events):
Event: 0.475 Thread 0x000001c758ae3800 nmethod 100 0x000001c749de5e10 code [0x000001c749de5fa0, 0x000001c749de6018]
Event: 0.476 Thread 0x000001c758ae9000 nmethod 98 0x000001c7428d1410 code [0x000001c7428d15e0, 0x000001c7428d19f8]
Event: 0.476 Thread 0x000001c758ae9000   99       3       java.lang.String::indexOf (7 bytes)
Event: 0.476 Thread 0x000001c758ae9000 nmethod 99 0x000001c7428d1b10 code [0x000001c7428d1d00, 0x000001c7428d2060]
Event: 0.482 Thread 0x000001c758ae9000  101       3       sun.nio.fs.WindowsPathParser::isSlash (18 bytes)
Event: 0.483 Thread 0x000001c758ae9000 nmethod 101 0x000001c7428d2190 code [0x000001c7428d2340, 0x000001c7428d2518]
Event: 0.483 Thread 0x000001c758ae9000  102       3       sun.nio.fs.WindowsPathParser::isInvalidPathChar (22 bytes)
Event: 0.484 Thread 0x000001c758ae9000 nmethod 102 0x000001c7428d2590 code [0x000001c7428d2780, 0x000001c7428d2b10]
Event: 0.515 Thread 0x000001c758ae9000  103       3       java.lang.String::<init> (15 bytes)
Event: 0.516 Thread 0x000001c758ae9000 nmethod 103 0x000001c7428d2c90 code [0x000001c7428d2e40, 0x000001c7428d3058]

GC Heap History (2 events):
Event: 0.590 GC heap before
{Heap before GC invocations=0 (full 0):
 garbage-first heap   total 131072K, used 1024K [0x0000000081800000, 0x0000000100000000)
  region size 1024K, 2 young (2048K), 0 survivors (0K)
 Metaspace       used 5530K, capacity 5640K, committed 5760K, reserved 1069056K
  class space    used 504K, capacity 556K, committed 640K, reserved 1048576K
}
Event: 0.596 GC heap after
{Heap after GC invocations=1 (full 0):
 garbage-first heap   total 131072K, used 633K [0x0000000081800000, 0x0000000100000000)
  region size 1024K, 1 young (1024K), 1 survivors (1024K)
 Metaspace       used 5530K, capacity 5640K, committed 5760K, reserved 1069056K
  class space    used 504K, capacity 556K, committed 640K, reserved 1048576K
}

Deoptimization events (1 events):
Event: 0.442 Thread 0x000001c739fb3000 Uncommon trap: reason=unstable_if action=reinterpret pc=0x000001c749de47fc method=java.lang.String.hashCode()I @ 14 c2

Classes redefined (0 events):
No events

Internal exceptions (0 events):
No events

Events (10 events):
Event: 0.585 loading class java/lang/invoke/LambdaForm$BasicType done
Event: 0.585 loading class java/lang/invoke/LambdaForm$Name
Event: 0.586 loading class java/lang/invoke/LambdaForm$Name done
Event: 0.586 loading class java/lang/invoke/LambdaForm$Holder
Event: 0.586 loading class java/lang/invoke/LambdaForm$Holder done
Event: 0.587 loading class java/lang/invoke/MethodHandleImpl$Intrinsic
Event: 0.587 loading class java/lang/invoke/MethodHandleImpl$Intrinsic done
Event: 0.588 loading class java/lang/invoke/InvokerBytecodeGenerator
Event: 0.589 loading class java/lang/invoke/InvokerBytecodeGenerator done
Event: 0.590 Executing VM operation: CollectForMetadataAllocation


Dynamic libraries:
0x00007ff72a670000 - 0x00007ff72a6b5000 	C:\Program Files\openjdk-11+28_windows-x64_bin\bin\java.exe
0x00007ff9a53d0000 - 0x00007ff9a55c5000 	C:\WINDOWS\SYSTEM32\ntdll.dll
0x00007ff9a4af0000 - 0x00007ff9a4bad000 	C:\WINDOWS\System32\KERNEL32.DLL
0x00007ff9a2c70000 - 0x00007ff9a2f39000 	C:\WINDOWS\System32\KERNELBASE.dll
0x00007ff9a4950000 - 0x00007ff9a4af0000 	C:\WINDOWS\System32\USER32.dll
0x00007ff9a2f40000 - 0x00007ff9a2f62000 	C:\WINDOWS\System32\win32u.dll
0x00007ff9a3cb0000 - 0x00007ff9a3cda000 	C:\WINDOWS\System32\GDI32.dll
0x00007ff9a3140000 - 0x00007ff9a324b000 	C:\WINDOWS\System32\gdi32full.dll
0x00007ff9a2f70000 - 0x00007ff9a300d000 	C:\WINDOWS\System32\msvcp_win.dll
0x00007ff9a3010000 - 0x00007ff9a3110000 	C:\WINDOWS\System32\ucrtbase.dll
0x00007ff98ade0000 - 0x00007ff98b07a000 	C:\WINDOWS\WinSxS\amd64_microsoft.windows.common-controls_6595b64144ccf1df_6.0.19041.1110_none_60b5254171f9507e\COMCTL32.dll
0x00007ff9a4c10000 - 0x00007ff9a4cae000 	C:\WINDOWS\System32\msvcrt.dll
0x00007ff9a3e50000 - 0x00007ff9a3e80000 	C:\WINDOWS\System32\IMM32.DLL
0x00007ff99e710000 - 0x00007ff99e726000 	C:\Program Files\openjdk-11+28_windows-x64_bin\bin\vcruntime140.dll
0x00007ff9977d0000 - 0x00007ff99787a000 	C:\Program Files\openjdk-11+28_windows-x64_bin\bin\msvcp140.dll
0x00007ff966120000 - 0x00007ff966c61000 	C:\Program Files\openjdk-11+28_windows-x64_bin\bin\server\jvm.dll
0x00007ff9a3d90000 - 0x00007ff9a3e3c000 	C:\WINDOWS\System32\ADVAPI32.dll
0x00007ff9a3e80000 - 0x00007ff9a3f1b000 	C:\WINDOWS\System32\sechost.dll
0x00007ff9a46d0000 - 0x00007ff9a47fa000 	C:\WINDOWS\System32\RPCRT4.dll
0x00007ff9a4930000 - 0x00007ff9a4938000 	C:\WINDOWS\System32\PSAPI.DLL
0x00007ff99e730000 - 0x00007ff99e739000 	C:\WINDOWS\SYSTEM32\WSOCK32.dll
0x00007ff9a4660000 - 0x00007ff9a46cb000 	C:\WINDOWS\System32\WS2_32.dll
0x00007ff99b970000 - 0x00007ff99b97a000 	C:\WINDOWS\SYSTEM32\VERSION.dll
0x00007ff9943d0000 - 0x00007ff9943f7000 	C:\WINDOWS\SYSTEM32\WINMM.dll
0x00007ff9a0930000 - 0x00007ff9a0942000 	C:\WINDOWS\SYSTEM32\kernel.appcore.dll
0x00007ff99e6f0000 - 0x00007ff99e701000 	C:\Program Files\openjdk-11+28_windows-x64_bin\bin\verify.dll
0x00007ff99ad30000 - 0x00007ff99af14000 	C:\WINDOWS\SYSTEM32\DBGHELP.DLL
0x00007ff99ac70000 - 0x00007ff99ac9c000 	C:\WINDOWS\SYSTEM32\dbgcore.DLL
0x00007ff9a33b0000 - 0x00007ff9a3433000 	C:\WINDOWS\System32\bcryptPrimitives.dll
0x00007ff99aa10000 - 0x00007ff99aa38000 	C:\Program Files\openjdk-11+28_windows-x64_bin\bin\java.dll
0x00007ff99a9f0000 - 0x00007ff99aa06000 	C:\Program Files\openjdk-11+28_windows-x64_bin\bin\zip.dll
0x00007ff99dbf0000 - 0x00007ff99dbfa000 	C:\Program Files\openjdk-11+28_windows-x64_bin\bin\jimage.dll
0x00007ff9a3f20000 - 0x00007ff9a465f000 	C:\WINDOWS\System32\SHELL32.dll
0x00007ff9a0c40000 - 0x00007ff9a13d1000 	C:\WINDOWS\SYSTEM32\windows.storage.dll
0x00007ff9a36f0000 - 0x00007ff9a3a45000 	C:\WINDOWS\System32\combase.dll
0x00007ff9a24b0000 - 0x00007ff9a24dc000 	C:\WINDOWS\SYSTEM32\Wldp.dll
0x00007ff9a3c00000 - 0x00007ff9a3cae000 	C:\WINDOWS\System32\SHCORE.dll
0x00007ff9a5330000 - 0x00007ff9a5385000 	C:\WINDOWS\System32\shlwapi.dll
0x00007ff9a2a50000 - 0x00007ff9a2a6f000 	C:\WINDOWS\SYSTEM32\profapi.dll

dbghelp: loaded successfully - version: 4.0.5 - missing functions: none
symbol engine: initialized successfully - sym options: 0x614 - pdb path: .;C:\Program Files\openjdk-11+28_windows-x64_bin\bin;C:\WINDOWS\SYSTEM32;C:\WINDOWS\WinSxS\amd64_microsoft.windows.common-controls_6595b64144ccf1df_6.0.19041.1110_none_60b5254171f9507e;C:\Program Files\openjdk-11+28_windows-x64_bin\bin\server

VM Arguments:
java_command: utp.misiontic2022.c2.reto4.App
java_class_path (initial): C:\Users\vler\Documents\10. Mintic\mision TIC 2022\grupo 09\Ciclo2_java\g09g07reto4\target\classes;C:\Users\vler\.m2\repository\org\xerial\sqlite-jdbc\3.36.0.1\sqlite-jdbc-3.36.0.1.jar;C:\Users\vler\.m2\repository\com\toedter\jcalendar\1.4\jcalendar-1.4.jar;C:\Users\vler\.m2\repository\org\netbeans\external\AbsoluteLayout\RELEASE124\AbsoluteLayout-RELEASE124.jar
Launcher Type: SUN_STANDARD

[Global flags]
     intx CICompilerCount                          = 3                                         {product} {ergonomic}
     uint ConcGCThreads                            = 1                                         {product} {ergonomic}
     uint G1ConcRefinementThreads                  = 4                                         {product} {ergonomic}
   size_t G1HeapRegionSize                         = 1048576                                   {product} {ergonomic}
    uintx GCDrainStackTargetSize                   = 64                                        {product} {ergonomic}
   size_t InitialHeapSize                          = 134217728                                 {product} {ergonomic}
   size_t MarkStackSize                            = 4194304                                   {product} {ergonomic}
   size_t MaxHeapSize                              = 2122317824                                {product} {ergonomic}
   size_t MaxNewSize                               = 1272971264                                {product} {ergonomic}
   size_t MinHeapDeltaBytes                        = 1048576                                   {product} {ergonomic}
    uintx NonNMethodCodeHeapSize                   = 5830092                                {pd product} {ergonomic}
    uintx NonProfiledCodeHeapSize                  = 122914074                              {pd product} {ergonomic}
    uintx ProfiledCodeHeapSize                     = 122914074                              {pd product} {ergonomic}
    uintx ReservedCodeCacheSize                    = 251658240                              {pd product} {ergonomic}
     bool SegmentedCodeCache                       = true                                      {product} {ergonomic}
     bool UseCompressedClassPointers               = true                                 {lp64_product} {ergonomic}
     bool UseCompressedOops                        = true                                 {lp64_product} {ergonomic}
     bool UseG1GC                                  = true                                      {product} {ergonomic}
     bool UseLargePagesIndividualAllocation        = false                                  {pd product} {ergonomic}

Logging:
Log output configuration:
 #0: stdout all=warning uptime,level,tags
 #1: stderr all=off uptime,level,tags

Environment Variables:
JAVA_HOME=C:\Program Files\openjdk-11+28_windows-x64_bin
PATH=C:\Program Files (x86)\Common Files\Intel\Shared Files\cpp\bin\Intel64;C:\ProgramData\Oracle\Java\javapath;C:\WINDOWS\system32;C:\WINDOWS;C:\WINDOWS\System32\Wbem;C:\WINDOWS\System32\WindowsPowerShell\v1.0\;C:\WINDOWS\System32\OpenSSH\;C:\Program Files (x86)\NVIDIA Corporation\PhysX\Common;C:\WINDOWS\system32;C:\WINDOWS;C:\WINDOWS\System32\Wbem;C:\WINDOWS\System32\WindowsPowerShell\v1.0\;C:\WINDOWS\System32\OpenSSH\;C:\Program Files\openjdk-11+28_windows-x64_bin\bin;C:\Program Files\Git\cmd;C:\Program Files\Git\mingw64\bin;C:\Program Files\Git\usr\bin;C:\SQLite3;C:\Program Files\nodejs\;C:\Users\vler\AppData\Local\Programs\AdoptOpenJDK\jdk-11.0.11.9-hotspot\bin;C:\Users\vler\AppData\Local\Programs\Python\Python39\Scripts\;C:\Users\vler\AppData\Local\Programs\Python\Python39\;C:\Users\vler\AppData\Local\Programs\Python\Python38-32\Scripts\;C:\Users\vler\AppData\Local\Programs\Python\Python38-32\;C:\Users\vler\AppData\Local\Microsoft\WindowsApps;C:\Users\vler\AppData\Local\Programs\Microsoft VS Code\bin;C:\Users\vler\AppData\Local\GitHubDesktop\bin;C:\Users\vler\AppData\Roaming\npm
USERNAME=vler
OS=Windows_NT
PROCESSOR_IDENTIFIER=Intel64 Family 6 Model 58 Stepping 9, GenuineIntel



---------------  S Y S T E M  ---------------

OS: Windows 10 , 64 bit Build 19041 (10.0.19041.1023)

CPU:total 4 (initial active 4) (2 cores per cpu, 2 threads per core) family 6 model 58 stepping 9, cmov, cx8, fxsr, mmx, sse, sse2, sse3, ssse3, sse4.1, sse4.2, popcnt, avx, aes, clmul, erms, ht, tsc, tscinvbit, tscinv

Memory: 4k page, system-wide physical 8089M (595M free)
TotalPageFile size 8089M (AvailPageFile size 202M)
current process WorkingSet (physical memory assigned to process): 33M, peak: 33M
current process commit charge ("private bytes"): 195M, peak: 196M

vm_info: OpenJDK 64-Bit Server VM (11+28) for windows-amd64 JRE (11+28), built on Aug 23 2018 03:04:58 by "mach5one" with MS VC++ 15.5 (VS2017)

END.
